<?xml version="1.0" encoding="UTF-8"?>
<!-- Generated by org.testng.reporters.JUnitReportReporter -->
<testsuite skipped="3" hostname="Bharaths-Air" name="com.qa.hubspot.tests.LoginPageTest" tests="4" failures="0" timestamp="09 Feb 2021 06:50:55 GMT" time="0.001" errors="1">
  <testcase name="SetUp" time="0.000" classname="com.qa.hubspot.tests.LoginPageTest">
    <error type="org.testng.TestNGException" message="
Parameter &#039;browser&#039; is required by BeforeTest on method SetUp but has not been marked @Optional or defined
in /private/var/folders/9q/qbbvhtws7sl6d34bww4l725m0000gn/T/testng-eclipse-2010574004/testng-customsuite.xml">
      <![CDATA[org.testng.TestNGException: 
Parameter 'browser' is required by BeforeTest on method SetUp but has not been marked @Optional or defined
in /private/var/folders/9q/qbbvhtws7sl6d34bww4l725m0000gn/T/testng-eclipse-2010574004/testng-customsuite.xml
	at org.testng.internal.Parameters.createParameters(Parameters.java:199)
	at org.testng.internal.Parameters.createParameters(Parameters.java:443)
	at org.testng.internal.Parameters.createConfigurationParameters(Parameters.java:118)
	at org.testng.internal.Invoker.invokeConfigurations(Invoker.java:206)
	at org.testng.internal.Invoker.invokeConfigurations(Invoker.java:146)
	at org.testng.TestRunner.beforeRun(TestRunner.java:626)
	at org.testng.TestRunner.run(TestRunner.java:594)
	at org.testng.SuiteRunner.runTest(SuiteRunner.java:380)
	at org.testng.SuiteRunner.runSequentially(SuiteRunner.java:375)
	at org.testng.SuiteRunner.privateRun(SuiteRunner.java:340)
	at org.testng.SuiteRunner.run(SuiteRunner.java:289)
	at org.testng.SuiteRunnerWorker.runSuite(SuiteRunnerWorker.java:52)
	at org.testng.SuiteRunnerWorker.run(SuiteRunnerWorker.java:86)
	at org.testng.TestNG.runSuitesSequentially(TestNG.java:1301)
	at org.testng.TestNG.runSuitesLocally(TestNG.java:1226)
	at org.testng.TestNG.runSuites(TestNG.java:1144)
	at org.testng.TestNG.run(TestNG.java:1115)
	at org.testng.remote.AbstractRemoteTestNG.run(AbstractRemoteTestNG.java:132)
	at org.testng.remote.RemoteTestNG.initAndRun(RemoteTestNG.java:230)
	at org.testng.remote.RemoteTestNG.main(RemoteTestNG.java:76)
]]>
    </error>
  </testcase> <!-- SetUp -->
  <testcase name="VerifyLoginPagetitleTest" time="0.000" classname="com.qa.hubspot.tests.LoginPageTest">
    <skipped/>
  </testcase> <!-- VerifyLoginPagetitleTest -->
  <testcase name="VerifyforgotPasswordLinkTest" time="0.001" classname="com.qa.hubspot.tests.LoginPageTest">
    <skipped/>
  </testcase> <!-- VerifyforgotPasswordLinkTest -->
  <testcase name="logintest" time="0.000" classname="com.qa.hubspot.tests.LoginPageTest">
    <skipped/>
  </testcase> <!-- logintest -->
</testsuite> <!-- com.qa.hubspot.tests.LoginPageTest -->
